c:\users\satyr\source\repos\projet poo\projet poo\x64\debug\vc143.pdb
c:\users\satyr\source\repos\projet poo\projet poo\x64\debug\.netframework,version=v4.7.2.assemblyattributes.obj
c:\users\satyr\source\repos\projet poo\projet poo\x64\debug\login.obj
c:\users\satyr\source\repos\projet poo\projet poo\x64\debug\user.obj
c:\users\satyr\source\repos\projet poo\projet poo\x64\debug\crud_client.obj
c:\users\satyr\source\repos\projet poo\projet poo\x64\debug\userspage.obj
c:\users\satyr\source\repos\projet poo\projet poo\x64\debug\crud_personnel.obj
c:\users\satyr\source\repos\projet poo\projet poo\x64\debug\statistiques.obj
c:\users\satyr\source\repos\projet poo\projet poo\x64\debug\crud_stock.obj
c:\users\satyr\source\repos\projet poo\projet poo\x64\debug\crud_commandes.obj
c:\users\satyr\source\repos\projet poo\projet poo\x64\debug\myform.obj
c:\users\satyr\source\repos\projet poo\projet poo\x64\debug\clservices.obj
c:\users\satyr\source\repos\projet poo\projet poo\x64\debug\clmap.obj
c:\users\satyr\source\repos\projet poo\projet poo\x64\debug\cad.obj
c:\users\satyr\source\repos\projet poo\projet poo\x64\debug\adress_gestion.obj
c:\users\satyr\source\repos\projet poo\x64\debug\projet poo.exe
c:\users\satyr\source\repos\projet poo\x64\debug\projet poo.pdb
c:\users\satyr\source\repos\projet poo\projet poo\x64\debug\secondform1.obj
c:\users\satyr\source\repos\projet poo\projet poo\x64\debug\thirdform.obj
c:\users\satyr\source\repos\projet poo\projet poo\x64\debug\projetpoo.thirdform.resources
c:\users\satyr\source\repos\projet poo\projet poo\x64\debug\projet poo.tlog\cl.command.1.tlog
c:\users\satyr\source\repos\projet poo\projet poo\x64\debug\projet poo.tlog\cl.items.tlog
c:\users\satyr\source\repos\projet poo\projet poo\x64\debug\projet poo.tlog\cl.read.1.tlog
c:\users\satyr\source\repos\projet poo\projet poo\x64\debug\projet poo.tlog\cl.write.1.tlog
c:\users\satyr\source\repos\projet poo\projet poo\x64\debug\projet poo.tlog\link.command.1.tlog
c:\users\satyr\source\repos\projet poo\projet poo\x64\debug\projet poo.tlog\link.read.1.tlog
c:\users\satyr\source\repos\projet poo\projet poo\x64\debug\projet poo.tlog\link.write.1.tlog
c:\users\satyr\source\repos\projet poo\projet poo\x64\debug\projet poo.tlog\metagen.read.1.tlog
c:\users\satyr\source\repos\projet poo\projet poo\x64\debug\projet poo.tlog\metagen.write.1.tlog
c:\users\satyr\source\repos\projet poo\projet poo\x64\debug\projet poo.tlog\resgen.command.1.tlog
c:\users\satyr\source\repos\projet poo\projet poo\x64\debug\projet poo.tlog\resgen.read.1.tlog
c:\users\satyr\source\repos\projet poo\projet poo\x64\debug\projet poo.tlog\resgen.write.1.tlog
